<?xml version="1.0" encoding="UTF-8"?>
<testsuite xmlns:xsi="http://www.w3.org/2001/XMLSchema-instance" xsi:noNamespaceSchemaLocation="https://maven.apache.org/surefire/maven-surefire-plugin/xsd/surefire-test-report.xsd" name="com.robot.torvalds.TorvaldsApplicationTests" time="6.384" tests="1" errors="0" skipped="0" failures="0">
  <properties>
    <property name="sun.desktop" value="gnome"/>
    <property name="awt.toolkit" value="sun.awt.X11.XToolkit"/>
    <property name="java.specification.version" value="11"/>
    <property name="sun.cpu.isalist" value=""/>
    <property name="sun.jnu.encoding" value="UTF-8"/>
    <property name="java.class.path" value="/home/linuxrobotgeek/Documents/torvalds/target/test-classes:/home/linuxrobotgeek/Documents/torvalds/target/classes:/home/linuxrobotgeek/.m2/repository/org/springframework/boot/spring-boot-starter-thymeleaf/2.7.4/spring-boot-starter-thymeleaf-2.7.4.jar:/home/linuxrobotgeek/.m2/repository/org/springframework/boot/spring-boot-starter/2.7.4/spring-boot-starter-2.7.4.jar:/home/linuxrobotgeek/.m2/repository/org/springframework/boot/spring-boot/2.7.4/spring-boot-2.7.4.jar:/home/linuxrobotgeek/.m2/repository/org/springframework/boot/spring-boot-autoconfigure/2.7.4/spring-boot-autoconfigure-2.7.4.jar:/home/linuxrobotgeek/.m2/repository/org/springframework/boot/spring-boot-starter-logging/2.7.4/spring-boot-starter-logging-2.7.4.jar:/home/linuxrobotgeek/.m2/repository/ch/qos/logback/logback-classic/1.2.11/logback-classic-1.2.11.jar:/home/linuxrobotgeek/.m2/repository/ch/qos/logback/logback-core/1.2.11/logback-core-1.2.11.jar:/home/linuxrobotgeek/.m2/repository/org/apache/logging/log4j/log4j-to-slf4j/2.17.2/log4j-to-slf4j-2.17.2.jar:/home/linuxrobotgeek/.m2/repository/org/apache/logging/log4j/log4j-api/2.17.2/log4j-api-2.17.2.jar:/home/linuxrobotgeek/.m2/repository/org/slf4j/jul-to-slf4j/1.7.36/jul-to-slf4j-1.7.36.jar:/home/linuxrobotgeek/.m2/repository/jakarta/annotation/jakarta.annotation-api/1.3.5/jakarta.annotation-api-1.3.5.jar:/home/linuxrobotgeek/.m2/repository/org/yaml/snakeyaml/1.30/snakeyaml-1.30.jar:/home/linuxrobotgeek/.m2/repository/org/thymeleaf/thymeleaf-spring5/3.0.15.RELEASE/thymeleaf-spring5-3.0.15.RELEASE.jar:/home/linuxrobotgeek/.m2/repository/org/thymeleaf/thymeleaf/3.0.15.RELEASE/thymeleaf-3.0.15.RELEASE.jar:/home/linuxrobotgeek/.m2/repository/org/attoparser/attoparser/2.0.5.RELEASE/attoparser-2.0.5.RELEASE.jar:/home/linuxrobotgeek/.m2/repository/org/unbescape/unbescape/1.1.6.RELEASE/unbescape-1.1.6.RELEASE.jar:/home/linuxrobotgeek/.m2/repository/org/slf4j/slf4j-api/1.7.36/slf4j-api-1.7.36.jar:/home/linuxrobotgeek/.m2/repository/org/thymeleaf/extras/thymeleaf-extras-java8time/3.0.4.RELEASE/thymeleaf-extras-java8time-3.0.4.RELEASE.jar:/home/linuxrobotgeek/.m2/repository/org/springframework/boot/spring-boot-starter-web/2.7.4/spring-boot-starter-web-2.7.4.jar:/home/linuxrobotgeek/.m2/repository/org/springframework/boot/spring-boot-starter-json/2.7.4/spring-boot-starter-json-2.7.4.jar:/home/linuxrobotgeek/.m2/repository/com/fasterxml/jackson/core/jackson-databind/2.13.4/jackson-databind-2.13.4.jar:/home/linuxrobotgeek/.m2/repository/com/fasterxml/jackson/core/jackson-annotations/2.13.4/jackson-annotations-2.13.4.jar:/home/linuxrobotgeek/.m2/repository/com/fasterxml/jackson/core/jackson-core/2.13.4/jackson-core-2.13.4.jar:/home/linuxrobotgeek/.m2/repository/com/fasterxml/jackson/datatype/jackson-datatype-jdk8/2.13.4/jackson-datatype-jdk8-2.13.4.jar:/home/linuxrobotgeek/.m2/repository/com/fasterxml/jackson/datatype/jackson-datatype-jsr310/2.13.4/jackson-datatype-jsr310-2.13.4.jar:/home/linuxrobotgeek/.m2/repository/com/fasterxml/jackson/module/jackson-module-parameter-names/2.13.4/jackson-module-parameter-names-2.13.4.jar:/home/linuxrobotgeek/.m2/repository/org/springframework/boot/spring-boot-starter-tomcat/2.7.4/spring-boot-starter-tomcat-2.7.4.jar:/home/linuxrobotgeek/.m2/repository/org/apache/tomcat/embed/tomcat-embed-core/9.0.65/tomcat-embed-core-9.0.65.jar:/home/linuxrobotgeek/.m2/repository/org/apache/tomcat/embed/tomcat-embed-el/9.0.65/tomcat-embed-el-9.0.65.jar:/home/linuxrobotgeek/.m2/repository/org/apache/tomcat/embed/tomcat-embed-websocket/9.0.65/tomcat-embed-websocket-9.0.65.jar:/home/linuxrobotgeek/.m2/repository/org/springframework/spring-web/5.3.23/spring-web-5.3.23.jar:/home/linuxrobotgeek/.m2/repository/org/springframework/spring-beans/5.3.23/spring-beans-5.3.23.jar:/home/linuxrobotgeek/.m2/repository/org/springframework/spring-webmvc/5.3.23/spring-webmvc-5.3.23.jar:/home/linuxrobotgeek/.m2/repository/org/springframework/spring-aop/5.3.23/spring-aop-5.3.23.jar:/home/linuxrobotgeek/.m2/repository/org/springframework/spring-context/5.3.23/spring-context-5.3.23.jar:/home/linuxrobotgeek/.m2/repository/org/springframework/spring-expression/5.3.23/spring-expression-5.3.23.jar:/home/linuxrobotgeek/.m2/repository/org/springframework/boot/spring-boot-starter-test/2.7.4/spring-boot-starter-test-2.7.4.jar:/home/linuxrobotgeek/.m2/repository/org/springframework/boot/spring-boot-test/2.7.4/spring-boot-test-2.7.4.jar:/home/linuxrobotgeek/.m2/repository/org/springframework/boot/spring-boot-test-autoconfigure/2.7.4/spring-boot-test-autoconfigure-2.7.4.jar:/home/linuxrobotgeek/.m2/repository/com/jayway/jsonpath/json-path/2.7.0/json-path-2.7.0.jar:/home/linuxrobotgeek/.m2/repository/net/minidev/json-smart/2.4.8/json-smart-2.4.8.jar:/home/linuxrobotgeek/.m2/repository/net/minidev/accessors-smart/2.4.8/accessors-smart-2.4.8.jar:/home/linuxrobotgeek/.m2/repository/org/ow2/asm/asm/9.1/asm-9.1.jar:/home/linuxrobotgeek/.m2/repository/jakarta/xml/bind/jakarta.xml.bind-api/2.3.3/jakarta.xml.bind-api-2.3.3.jar:/home/linuxrobotgeek/.m2/repository/jakarta/activation/jakarta.activation-api/1.2.2/jakarta.activation-api-1.2.2.jar:/home/linuxrobotgeek/.m2/repository/org/assertj/assertj-core/3.22.0/assertj-core-3.22.0.jar:/home/linuxrobotgeek/.m2/repository/org/hamcrest/hamcrest/2.2/hamcrest-2.2.jar:/home/linuxrobotgeek/.m2/repository/org/junit/jupiter/junit-jupiter/5.8.2/junit-jupiter-5.8.2.jar:/home/linuxrobotgeek/.m2/repository/org/junit/jupiter/junit-jupiter-api/5.8.2/junit-jupiter-api-5.8.2.jar:/home/linuxrobotgeek/.m2/repository/org/opentest4j/opentest4j/1.2.0/opentest4j-1.2.0.jar:/home/linuxrobotgeek/.m2/repository/org/junit/platform/junit-platform-commons/1.8.2/junit-platform-commons-1.8.2.jar:/home/linuxrobotgeek/.m2/repository/org/apiguardian/apiguardian-api/1.1.2/apiguardian-api-1.1.2.jar:/home/linuxrobotgeek/.m2/repository/org/junit/jupiter/junit-jupiter-params/5.8.2/junit-jupiter-params-5.8.2.jar:/home/linuxrobotgeek/.m2/repository/org/junit/jupiter/junit-jupiter-engine/5.8.2/junit-jupiter-engine-5.8.2.jar:/home/linuxrobotgeek/.m2/repository/org/junit/platform/junit-platform-engine/1.8.2/junit-platform-engine-1.8.2.jar:/home/linuxrobotgeek/.m2/repository/org/mockito/mockito-core/4.5.1/mockito-core-4.5.1.jar:/home/linuxrobotgeek/.m2/repository/net/bytebuddy/byte-buddy/1.12.17/byte-buddy-1.12.17.jar:/home/linuxrobotgeek/.m2/repository/net/bytebuddy/byte-buddy-agent/1.12.17/byte-buddy-agent-1.12.17.jar:/home/linuxrobotgeek/.m2/repository/org/objenesis/objenesis/3.2/objenesis-3.2.jar:/home/linuxrobotgeek/.m2/repository/org/mockito/mockito-junit-jupiter/4.5.1/mockito-junit-jupiter-4.5.1.jar:/home/linuxrobotgeek/.m2/repository/org/skyscreamer/jsonassert/1.5.1/jsonassert-1.5.1.jar:/home/linuxrobotgeek/.m2/repository/com/vaadin/external/google/android-json/0.0.20131108.vaadin1/android-json-0.0.20131108.vaadin1.jar:/home/linuxrobotgeek/.m2/repository/org/springframework/spring-core/5.3.23/spring-core-5.3.23.jar:/home/linuxrobotgeek/.m2/repository/org/springframework/spring-jcl/5.3.23/spring-jcl-5.3.23.jar:/home/linuxrobotgeek/.m2/repository/org/springframework/spring-test/5.3.23/spring-test-5.3.23.jar:/home/linuxrobotgeek/.m2/repository/org/xmlunit/xmlunit-core/2.9.0/xmlunit-core-2.9.0.jar:/home/linuxrobotgeek/.m2/repository/com/diozero/diozero-core/1.3.3/diozero-core-1.3.3.jar:/home/linuxrobotgeek/.m2/repository/org/tinylog/tinylog-impl/2.5.0-M2.1/tinylog-impl-2.5.0-M2.1.jar:/home/linuxrobotgeek/.m2/repository/org/codehaus/mojo/animal-sniffer-annotations/1.18/animal-sniffer-annotations-1.18.jar:/home/linuxrobotgeek/.m2/repository/org/tinylog/tinylog-api/2.5.0-M2.1/tinylog-api-2.5.0-M2.1.jar:/home/linuxrobotgeek/.m2/repository/com/diozero/diozero-provider-pigpio/1.3.3/diozero-provider-pigpio-1.3.3.jar:/home/linuxrobotgeek/.m2/repository/uk/pigpioj/pigpioj-java/2.6.1/pigpioj-java-2.6.1.jar:/home/linuxrobotgeek/.m2/repository/io/netty/netty-transport/4.1.82.Final/netty-transport-4.1.82.Final.jar:/home/linuxrobotgeek/.m2/repository/io/netty/netty-common/4.1.82.Final/netty-common-4.1.82.Final.jar:/home/linuxrobotgeek/.m2/repository/io/netty/netty-buffer/4.1.82.Final/netty-buffer-4.1.82.Final.jar:/home/linuxrobotgeek/.m2/repository/io/netty/netty-resolver/4.1.82.Final/netty-resolver-4.1.82.Final.jar:/home/linuxrobotgeek/.m2/repository/io/netty/netty-codec/4.1.82.Final/netty-codec-4.1.82.Final.jar:/home/linuxrobotgeek/.m2/repository/io/micrometer/micrometer-registry-prometheus/1.9.4/micrometer-registry-prometheus-1.9.4.jar:/home/linuxrobotgeek/.m2/repository/io/micrometer/micrometer-core/1.9.4/micrometer-core-1.9.4.jar:/home/linuxrobotgeek/.m2/repository/org/hdrhistogram/HdrHistogram/2.1.12/HdrHistogram-2.1.12.jar:/home/linuxrobotgeek/.m2/repository/org/latencyutils/LatencyUtils/2.0.3/LatencyUtils-2.0.3.jar:/home/linuxrobotgeek/.m2/repository/io/prometheus/simpleclient_common/0.15.0/simpleclient_common-0.15.0.jar:/home/linuxrobotgeek/.m2/repository/io/prometheus/simpleclient/0.16.0/simpleclient-0.16.0.jar:/home/linuxrobotgeek/.m2/repository/io/prometheus/simpleclient_tracer_otel/0.15.0/simpleclient_tracer_otel-0.15.0.jar:/home/linuxrobotgeek/.m2/repository/io/prometheus/simpleclient_tracer_common/0.15.0/simpleclient_tracer_common-0.15.0.jar:/home/linuxrobotgeek/.m2/repository/io/prometheus/simpleclient_tracer_otel_agent/0.15.0/simpleclient_tracer_otel_agent-0.15.0.jar:/home/linuxrobotgeek/.m2/repository/io/prometheus/simpleclient_hotspot/0.16.0/simpleclient_hotspot-0.16.0.jar:/home/linuxrobotgeek/.m2/repository/io/prometheus/simpleclient_httpserver/0.16.0/simpleclient_httpserver-0.16.0.jar:/home/linuxrobotgeek/.m2/repository/io/prometheus/simpleclient_pushgateway/0.16.0/simpleclient_pushgateway-0.16.0.jar:/home/linuxrobotgeek/.m2/repository/org/springframework/boot/spring-boot-starter-actuator/2.7.4/spring-boot-starter-actuator-2.7.4.jar:/home/linuxrobotgeek/.m2/repository/org/springframework/boot/spring-boot-actuator-autoconfigure/2.7.4/spring-boot-actuator-autoconfigure-2.7.4.jar:/home/linuxrobotgeek/.m2/repository/org/springframework/boot/spring-boot-actuator/2.7.4/spring-boot-actuator-2.7.4.jar:"/>
    <property name="java.vm.vendor" value="Ubuntu"/>
    <property name="sun.arch.data.model" value="64"/>
    <property name="java.vendor.url" value="https://ubuntu.com/"/>
    <property name="user.timezone" value=""/>
    <property name="java.vm.specification.version" value="11"/>
    <property name="os.name" value="Linux"/>
    <property name="sun.java.launcher" value="SUN_STANDARD"/>
    <property name="user.country" value="US"/>
    <property name="sun.boot.library.path" value="/usr/lib/jvm/java-11-openjdk-amd64/lib"/>
    <property name="sun.java.command" value="/home/linuxrobotgeek/Documents/torvalds/target/surefire/surefirebooter12420170855172335197.jar /home/linuxrobotgeek/Documents/torvalds/target/surefire 2022-09-28T20-08-33_400-jvmRun1 surefire6692414494220527719tmp surefire_011909461444035533670tmp"/>
    <property name="jdk.debug" value="release"/>
    <property name="surefire.test.class.path" value="/home/linuxrobotgeek/Documents/torvalds/target/test-classes:/home/linuxrobotgeek/Documents/torvalds/target/classes:/home/linuxrobotgeek/.m2/repository/org/springframework/boot/spring-boot-starter-thymeleaf/2.7.4/spring-boot-starter-thymeleaf-2.7.4.jar:/home/linuxrobotgeek/.m2/repository/org/springframework/boot/spring-boot-starter/2.7.4/spring-boot-starter-2.7.4.jar:/home/linuxrobotgeek/.m2/repository/org/springframework/boot/spring-boot/2.7.4/spring-boot-2.7.4.jar:/home/linuxrobotgeek/.m2/repository/org/springframework/boot/spring-boot-autoconfigure/2.7.4/spring-boot-autoconfigure-2.7.4.jar:/home/linuxrobotgeek/.m2/repository/org/springframework/boot/spring-boot-starter-logging/2.7.4/spring-boot-starter-logging-2.7.4.jar:/home/linuxrobotgeek/.m2/repository/ch/qos/logback/logback-classic/1.2.11/logback-classic-1.2.11.jar:/home/linuxrobotgeek/.m2/repository/ch/qos/logback/logback-core/1.2.11/logback-core-1.2.11.jar:/home/linuxrobotgeek/.m2/repository/org/apache/logging/log4j/log4j-to-slf4j/2.17.2/log4j-to-slf4j-2.17.2.jar:/home/linuxrobotgeek/.m2/repository/org/apache/logging/log4j/log4j-api/2.17.2/log4j-api-2.17.2.jar:/home/linuxrobotgeek/.m2/repository/org/slf4j/jul-to-slf4j/1.7.36/jul-to-slf4j-1.7.36.jar:/home/linuxrobotgeek/.m2/repository/jakarta/annotation/jakarta.annotation-api/1.3.5/jakarta.annotation-api-1.3.5.jar:/home/linuxrobotgeek/.m2/repository/org/yaml/snakeyaml/1.30/snakeyaml-1.30.jar:/home/linuxrobotgeek/.m2/repository/org/thymeleaf/thymeleaf-spring5/3.0.15.RELEASE/thymeleaf-spring5-3.0.15.RELEASE.jar:/home/linuxrobotgeek/.m2/repository/org/thymeleaf/thymeleaf/3.0.15.RELEASE/thymeleaf-3.0.15.RELEASE.jar:/home/linuxrobotgeek/.m2/repository/org/attoparser/attoparser/2.0.5.RELEASE/attoparser-2.0.5.RELEASE.jar:/home/linuxrobotgeek/.m2/repository/org/unbescape/unbescape/1.1.6.RELEASE/unbescape-1.1.6.RELEASE.jar:/home/linuxrobotgeek/.m2/repository/org/slf4j/slf4j-api/1.7.36/slf4j-api-1.7.36.jar:/home/linuxrobotgeek/.m2/repository/org/thymeleaf/extras/thymeleaf-extras-java8time/3.0.4.RELEASE/thymeleaf-extras-java8time-3.0.4.RELEASE.jar:/home/linuxrobotgeek/.m2/repository/org/springframework/boot/spring-boot-starter-web/2.7.4/spring-boot-starter-web-2.7.4.jar:/home/linuxrobotgeek/.m2/repository/org/springframework/boot/spring-boot-starter-json/2.7.4/spring-boot-starter-json-2.7.4.jar:/home/linuxrobotgeek/.m2/repository/com/fasterxml/jackson/core/jackson-databind/2.13.4/jackson-databind-2.13.4.jar:/home/linuxrobotgeek/.m2/repository/com/fasterxml/jackson/core/jackson-annotations/2.13.4/jackson-annotations-2.13.4.jar:/home/linuxrobotgeek/.m2/repository/com/fasterxml/jackson/core/jackson-core/2.13.4/jackson-core-2.13.4.jar:/home/linuxrobotgeek/.m2/repository/com/fasterxml/jackson/datatype/jackson-datatype-jdk8/2.13.4/jackson-datatype-jdk8-2.13.4.jar:/home/linuxrobotgeek/.m2/repository/com/fasterxml/jackson/datatype/jackson-datatype-jsr310/2.13.4/jackson-datatype-jsr310-2.13.4.jar:/home/linuxrobotgeek/.m2/repository/com/fasterxml/jackson/module/jackson-module-parameter-names/2.13.4/jackson-module-parameter-names-2.13.4.jar:/home/linuxrobotgeek/.m2/repository/org/springframework/boot/spring-boot-starter-tomcat/2.7.4/spring-boot-starter-tomcat-2.7.4.jar:/home/linuxrobotgeek/.m2/repository/org/apache/tomcat/embed/tomcat-embed-core/9.0.65/tomcat-embed-core-9.0.65.jar:/home/linuxrobotgeek/.m2/repository/org/apache/tomcat/embed/tomcat-embed-el/9.0.65/tomcat-embed-el-9.0.65.jar:/home/linuxrobotgeek/.m2/repository/org/apache/tomcat/embed/tomcat-embed-websocket/9.0.65/tomcat-embed-websocket-9.0.65.jar:/home/linuxrobotgeek/.m2/repository/org/springframework/spring-web/5.3.23/spring-web-5.3.23.jar:/home/linuxrobotgeek/.m2/repository/org/springframework/spring-beans/5.3.23/spring-beans-5.3.23.jar:/home/linuxrobotgeek/.m2/repository/org/springframework/spring-webmvc/5.3.23/spring-webmvc-5.3.23.jar:/home/linuxrobotgeek/.m2/repository/org/springframework/spring-aop/5.3.23/spring-aop-5.3.23.jar:/home/linuxrobotgeek/.m2/repository/org/springframework/spring-context/5.3.23/spring-context-5.3.23.jar:/home/linuxrobotgeek/.m2/repository/org/springframework/spring-expression/5.3.23/spring-expression-5.3.23.jar:/home/linuxrobotgeek/.m2/repository/org/springframework/boot/spring-boot-starter-test/2.7.4/spring-boot-starter-test-2.7.4.jar:/home/linuxrobotgeek/.m2/repository/org/springframework/boot/spring-boot-test/2.7.4/spring-boot-test-2.7.4.jar:/home/linuxrobotgeek/.m2/repository/org/springframework/boot/spring-boot-test-autoconfigure/2.7.4/spring-boot-test-autoconfigure-2.7.4.jar:/home/linuxrobotgeek/.m2/repository/com/jayway/jsonpath/json-path/2.7.0/json-path-2.7.0.jar:/home/linuxrobotgeek/.m2/repository/net/minidev/json-smart/2.4.8/json-smart-2.4.8.jar:/home/linuxrobotgeek/.m2/repository/net/minidev/accessors-smart/2.4.8/accessors-smart-2.4.8.jar:/home/linuxrobotgeek/.m2/repository/org/ow2/asm/asm/9.1/asm-9.1.jar:/home/linuxrobotgeek/.m2/repository/jakarta/xml/bind/jakarta.xml.bind-api/2.3.3/jakarta.xml.bind-api-2.3.3.jar:/home/linuxrobotgeek/.m2/repository/jakarta/activation/jakarta.activation-api/1.2.2/jakarta.activation-api-1.2.2.jar:/home/linuxrobotgeek/.m2/repository/org/assertj/assertj-core/3.22.0/assertj-core-3.22.0.jar:/home/linuxrobotgeek/.m2/repository/org/hamcrest/hamcrest/2.2/hamcrest-2.2.jar:/home/linuxrobotgeek/.m2/repository/org/junit/jupiter/junit-jupiter/5.8.2/junit-jupiter-5.8.2.jar:/home/linuxrobotgeek/.m2/repository/org/junit/jupiter/junit-jupiter-api/5.8.2/junit-jupiter-api-5.8.2.jar:/home/linuxrobotgeek/.m2/repository/org/opentest4j/opentest4j/1.2.0/opentest4j-1.2.0.jar:/home/linuxrobotgeek/.m2/repository/org/junit/platform/junit-platform-commons/1.8.2/junit-platform-commons-1.8.2.jar:/home/linuxrobotgeek/.m2/repository/org/apiguardian/apiguardian-api/1.1.2/apiguardian-api-1.1.2.jar:/home/linuxrobotgeek/.m2/repository/org/junit/jupiter/junit-jupiter-params/5.8.2/junit-jupiter-params-5.8.2.jar:/home/linuxrobotgeek/.m2/repository/org/junit/jupiter/junit-jupiter-engine/5.8.2/junit-jupiter-engine-5.8.2.jar:/home/linuxrobotgeek/.m2/repository/org/junit/platform/junit-platform-engine/1.8.2/junit-platform-engine-1.8.2.jar:/home/linuxrobotgeek/.m2/repository/org/mockito/mockito-core/4.5.1/mockito-core-4.5.1.jar:/home/linuxrobotgeek/.m2/repository/net/bytebuddy/byte-buddy/1.12.17/byte-buddy-1.12.17.jar:/home/linuxrobotgeek/.m2/repository/net/bytebuddy/byte-buddy-agent/1.12.17/byte-buddy-agent-1.12.17.jar:/home/linuxrobotgeek/.m2/repository/org/objenesis/objenesis/3.2/objenesis-3.2.jar:/home/linuxrobotgeek/.m2/repository/org/mockito/mockito-junit-jupiter/4.5.1/mockito-junit-jupiter-4.5.1.jar:/home/linuxrobotgeek/.m2/repository/org/skyscreamer/jsonassert/1.5.1/jsonassert-1.5.1.jar:/home/linuxrobotgeek/.m2/repository/com/vaadin/external/google/android-json/0.0.20131108.vaadin1/android-json-0.0.20131108.vaadin1.jar:/home/linuxrobotgeek/.m2/repository/org/springframework/spring-core/5.3.23/spring-core-5.3.23.jar:/home/linuxrobotgeek/.m2/repository/org/springframework/spring-jcl/5.3.23/spring-jcl-5.3.23.jar:/home/linuxrobotgeek/.m2/repository/org/springframework/spring-test/5.3.23/spring-test-5.3.23.jar:/home/linuxrobotgeek/.m2/repository/org/xmlunit/xmlunit-core/2.9.0/xmlunit-core-2.9.0.jar:/home/linuxrobotgeek/.m2/repository/com/diozero/diozero-core/1.3.3/diozero-core-1.3.3.jar:/home/linuxrobotgeek/.m2/repository/org/tinylog/tinylog-impl/2.5.0-M2.1/tinylog-impl-2.5.0-M2.1.jar:/home/linuxrobotgeek/.m2/repository/org/codehaus/mojo/animal-sniffer-annotations/1.18/animal-sniffer-annotations-1.18.jar:/home/linuxrobotgeek/.m2/repository/org/tinylog/tinylog-api/2.5.0-M2.1/tinylog-api-2.5.0-M2.1.jar:/home/linuxrobotgeek/.m2/repository/com/diozero/diozero-provider-pigpio/1.3.3/diozero-provider-pigpio-1.3.3.jar:/home/linuxrobotgeek/.m2/repository/uk/pigpioj/pigpioj-java/2.6.1/pigpioj-java-2.6.1.jar:/home/linuxrobotgeek/.m2/repository/io/netty/netty-transport/4.1.82.Final/netty-transport-4.1.82.Final.jar:/home/linuxrobotgeek/.m2/repository/io/netty/netty-common/4.1.82.Final/netty-common-4.1.82.Final.jar:/home/linuxrobotgeek/.m2/repository/io/netty/netty-buffer/4.1.82.Final/netty-buffer-4.1.82.Final.jar:/home/linuxrobotgeek/.m2/repository/io/netty/netty-resolver/4.1.82.Final/netty-resolver-4.1.82.Final.jar:/home/linuxrobotgeek/.m2/repository/io/netty/netty-codec/4.1.82.Final/netty-codec-4.1.82.Final.jar:/home/linuxrobotgeek/.m2/repository/io/micrometer/micrometer-registry-prometheus/1.9.4/micrometer-registry-prometheus-1.9.4.jar:/home/linuxrobotgeek/.m2/repository/io/micrometer/micrometer-core/1.9.4/micrometer-core-1.9.4.jar:/home/linuxrobotgeek/.m2/repository/org/hdrhistogram/HdrHistogram/2.1.12/HdrHistogram-2.1.12.jar:/home/linuxrobotgeek/.m2/repository/org/latencyutils/LatencyUtils/2.0.3/LatencyUtils-2.0.3.jar:/home/linuxrobotgeek/.m2/repository/io/prometheus/simpleclient_common/0.15.0/simpleclient_common-0.15.0.jar:/home/linuxrobotgeek/.m2/repository/io/prometheus/simpleclient/0.16.0/simpleclient-0.16.0.jar:/home/linuxrobotgeek/.m2/repository/io/prometheus/simpleclient_tracer_otel/0.15.0/simpleclient_tracer_otel-0.15.0.jar:/home/linuxrobotgeek/.m2/repository/io/prometheus/simpleclient_tracer_common/0.15.0/simpleclient_tracer_common-0.15.0.jar:/home/linuxrobotgeek/.m2/repository/io/prometheus/simpleclient_tracer_otel_agent/0.15.0/simpleclient_tracer_otel_agent-0.15.0.jar:/home/linuxrobotgeek/.m2/repository/io/prometheus/simpleclient_hotspot/0.16.0/simpleclient_hotspot-0.16.0.jar:/home/linuxrobotgeek/.m2/repository/io/prometheus/simpleclient_httpserver/0.16.0/simpleclient_httpserver-0.16.0.jar:/home/linuxrobotgeek/.m2/repository/io/prometheus/simpleclient_pushgateway/0.16.0/simpleclient_pushgateway-0.16.0.jar:/home/linuxrobotgeek/.m2/repository/org/springframework/boot/spring-boot-starter-actuator/2.7.4/spring-boot-starter-actuator-2.7.4.jar:/home/linuxrobotgeek/.m2/repository/org/springframework/boot/spring-boot-actuator-autoconfigure/2.7.4/spring-boot-actuator-autoconfigure-2.7.4.jar:/home/linuxrobotgeek/.m2/repository/org/springframework/boot/spring-boot-actuator/2.7.4/spring-boot-actuator-2.7.4.jar:"/>
    <property name="sun.cpu.endian" value="little"/>
    <property name="user.home" value="/home/linuxrobotgeek"/>
    <property name="user.language" value="en"/>
    <property name="java.specification.vendor" value="Oracle Corporation"/>
    <property name="java.version.date" value="2022-07-19"/>
    <property name="java.home" value="/usr/lib/jvm/java-11-openjdk-amd64"/>
    <property name="file.separator" value="/"/>
    <property name="basedir" value="/home/linuxrobotgeek/Documents/torvalds"/>
    <property name="java.vm.compressedOopsMode" value="Zero based"/>
    <property name="line.separator" value="&#10;"/>
    <property name="java.specification.name" value="Java Platform API Specification"/>
    <property name="java.vm.specification.vendor" value="Oracle Corporation"/>
    <property name="java.awt.graphicsenv" value="sun.awt.X11GraphicsEnvironment"/>
    <property name="surefire.real.class.path" value="/home/linuxrobotgeek/Documents/torvalds/target/surefire/surefirebooter12420170855172335197.jar"/>
    <property name="sun.management.compiler" value="HotSpot 64-Bit Tiered Compilers"/>
    <property name="java.runtime.version" value="11.0.16+8-post-Ubuntu-0ubuntu122.04"/>
    <property name="user.name" value="linuxrobotgeek"/>
    <property name="path.separator" value=":"/>
    <property name="os.version" value="5.15.0-48-generic"/>
    <property name="java.runtime.name" value="OpenJDK Runtime Environment"/>
    <property name="file.encoding" value="UTF-8"/>
    <property name="java.vm.name" value="OpenJDK 64-Bit Server VM"/>
    <property name="localRepository" value="/home/linuxrobotgeek/.m2/repository"/>
    <property name="java.vendor.url.bug" value="https://bugs.launchpad.net/ubuntu/+source/openjdk-lts"/>
    <property name="java.io.tmpdir" value="/tmp"/>
    <property name="idea.version" value="2022.2.2"/>
    <property name="java.version" value="11.0.16"/>
    <property name="user.dir" value="/home/linuxrobotgeek/Documents/torvalds"/>
    <property name="os.arch" value="amd64"/>
    <property name="java.vm.specification.name" value="Java Virtual Machine Specification"/>
    <property name="java.awt.printerjob" value="sun.print.PSPrinterJob"/>
    <property name="sun.os.patch.level" value="unknown"/>
    <property name="java.library.path" value="/usr/java/packages/lib:/usr/lib/x86_64-linux-gnu/jni:/lib/x86_64-linux-gnu:/usr/lib/x86_64-linux-gnu:/usr/lib/jni:/lib:/usr/lib"/>
    <property name="java.vm.info" value="mixed mode, sharing"/>
    <property name="java.vendor" value="Ubuntu"/>
    <property name="java.vm.version" value="11.0.16+8-post-Ubuntu-0ubuntu122.04"/>
    <property name="sun.io.unicode.encoding" value="UnicodeLittle"/>
    <property name="java.class.version" value="55.0"/>
  </properties>
  <testcase name="contextLoads" classname="com.robot.torvalds.TorvaldsApplicationTests" time="0.563"/>
</testsuite>